# JRE version: Java(TM) SE Runtime Environment (8.0_251-b08) (build 1.8.0_251-b08)
# Java VM: Java HotSpot(TM) 64-Bit Server VM (25.251-b08 mixed mode windows-amd64 compressed oops)
Heap:
 PSYoungGen      total 132096K, used 34641K [0x00000000d6e00000, 0x00000000e4800000, 0x0000000100000000)
  eden space 126976K, 23% used [0x00000000d6e00000,0x00000000d8ad49e0,0x00000000dea00000)
  from space 5120K, 99% used [0x00000000dea00000,0x00000000deeffdc0,0x00000000def00000)
  to   space 11776K, 0% used [0x00000000e3c80000,0x00000000e3c80000,0x00000000e4800000)
 ParOldGen       total 55296K, used 11819K [0x0000000084a00000, 0x0000000088000000, 0x00000000d6e00000)
  object space 55296K, 21% used [0x0000000084a00000,0x000000008558ae78,0x0000000088000000)
 Metaspace       used 30818K, capacity 32568K, committed 32640K, reserved 1077248K
  class space    used 3915K, capacity 4214K, committed 4224K, reserved 1048576K
GC Heap History (10 events):
Event: 1.890 GC heap before
{Heap before GC invocations=2 (full 0):
 PSYoungGen      total 36864K, used 35769K [0x00000000d6e00000, 0x00000000db600000, 0x0000000100000000)
  eden space 31744K, 100% used [0x00000000d6e00000,0x00000000d8d00000,0x00000000d8d00000)
  from space 5120K, 78% used [0x00000000d8d00000,0x00000000d90ee618,0x00000000d9200000)
  to   space 5120K, 0% used [0x00000000db100000,0x00000000db100000,0x00000000db600000)
 ParOldGen       total 84992K, used 0K [0x0000000084a00000, 0x0000000089d00000, 0x00000000d6e00000)
  object space 84992K, 0% used [0x0000000084a00000,0x0000000084a00000,0x0000000089d00000)
 Metaspace       used 13094K, capacity 13472K, committed 13696K, reserved 1060864K
  class space    used 1517K, capacity 1636K, committed 1664K, reserved 1048576K
Event: 1.897 GC heap after
Heap after GC invocations=2 (full 0):
 PSYoungGen      total 68608K, used 5116K [0x00000000d6e00000, 0x00000000db600000, 0x0000000100000000)
  eden space 63488K, 0% used [0x00000000d6e00000,0x00000000d6e00000,0x00000000dac00000)
  from space 5120K, 99% used [0x00000000db100000,0x00000000db5ff188,0x00000000db600000)
  to   space 5120K, 0% used [0x00000000dac00000,0x00000000dac00000,0x00000000db100000)
 ParOldGen       total 84992K, used 628K [0x0000000084a00000, 0x0000000089d00000, 0x00000000d6e00000)
  object space 84992K, 0% used [0x0000000084a00000,0x0000000084a9d308,0x0000000089d00000)
 Metaspace       used 13094K, capacity 13472K, committed 13696K, reserved 1060864K
  class space    used 1517K, capacity 1636K, committed 1664K, reserved 1048576K
}
Event: 2.750 GC heap before
{Heap before GC invocations=3 (full 0):
 PSYoungGen      total 68608K, used 68571K [0x00000000d6e00000, 0x00000000db600000, 0x0000000100000000)
  eden space 63488K, 99% used [0x00000000d6e00000,0x00000000dabf7d68,0x00000000dac00000)
  from space 5120K, 99% used [0x00000000db100000,0x00000000db5ff188,0x00000000db600000)
  to   space 5120K, 0% used [0x00000000dac00000,0x00000000dac00000,0x00000000db100000)
 ParOldGen       total 84992K, used 628K [0x0000000084a00000, 0x0000000089d00000, 0x00000000d6e00000)
  object space 84992K, 0% used [0x0000000084a00000,0x0000000084a9d308,0x0000000089d00000)
 Metaspace       used 18624K, capacity 19270K, committed 19456K, reserved 1067008K
  class space    used 2316K, capacity 2473K, committed 2560K, reserved 1048576K
Event: 2.766 GC heap after
Heap after GC invocations=3 (full 0):
 PSYoungGen      total 68608K, used 5111K [0x00000000d6e00000, 0x00000000df400000, 0x0000000100000000)
  eden space 63488K, 0% used [0x00000000d6e00000,0x00000000d6e00000,0x00000000dac00000)
  from space 5120K, 99% used [0x00000000dac00000,0x00000000db0fde50,0x00000000db100000)
  to   space 5120K, 0% used [0x00000000def00000,0x00000000def00000,0x00000000df400000)
 ParOldGen       total 84992K, used 4470K [0x0000000084a00000, 0x0000000089d00000, 0x00000000d6e00000)
  object space 84992K, 5% used [0x0000000084a00000,0x0000000084e5d9f8,0x0000000089d00000)
 Metaspace       used 18624K, capacity 19270K, committed 19456K, reserved 1067008K
  class space    used 2316K, capacity 2473K, committed 2560K, reserved 1048576K
}
Event: 3.547 GC heap before
{Heap before GC invocations=4 (full 0):
 PSYoungGen      total 68608K, used 65216K [0x00000000d6e00000, 0x00000000df400000, 0x0000000100000000)
  eden space 63488K, 94% used [0x00000000d6e00000,0x00000000da8b21d0,0x00000000dac00000)
  from space 5120K, 99% used [0x00000000dac00000,0x00000000db0fde50,0x00000000db100000)
  to   space 5120K, 0% used [0x00000000def00000,0x00000000def00000,0x00000000df400000)
 ParOldGen       total 84992K, used 4470K [0x0000000084a00000, 0x0000000089d00000, 0x00000000d6e00000)
  object space 84992K, 5% used [0x0000000084a00000,0x0000000084e5d9f8,0x0000000089d00000)
 Metaspace       used 20365K, capacity 21144K, committed 21296K, reserved 1069056K
  class space    used 2509K, capacity 2698K, committed 2816K, reserved 1048576K
Event: 3.560 GC heap after
Heap after GC invocations=4 (full 0):
 PSYoungGen      total 132096K, used 5101K [0x00000000d6e00000, 0x00000000df400000, 0x0000000100000000)
  eden space 126976K, 0% used [0x00000000d6e00000,0x00000000d6e00000,0x00000000dea00000)
  from space 5120K, 99% used [0x00000000def00000,0x00000000df3fb600,0x00000000df400000)
  to   space 5120K, 0% used [0x00000000dea00000,0x00000000dea00000,0x00000000def00000)
 ParOldGen       total 84992K, used 6531K [0x0000000084a00000, 0x0000000089d00000, 0x00000000d6e00000)
  object space 84992K, 7% used [0x0000000084a00000,0x0000000085060dd8,0x0000000089d00000)
 Metaspace       used 20365K, capacity 21144K, committed 21296K, reserved 1069056K
  class space    used 2509K, capacity 2698K, committed 2816K, reserved 1048576K
}
Event: 3.560 GC heap before
{Heap before GC invocations=5 (full 1):
 PSYoungGen      total 132096K, used 5101K [0x00000000d6e00000, 0x00000000df400000, 0x0000000100000000)
  eden space 126976K, 0% used [0x00000000d6e00000,0x00000000d6e00000,0x00000000dea00000)
  from space 5120K, 99% used [0x00000000def00000,0x00000000df3fb600,0x00000000df400000)
  to   space 5120K, 0% used [0x00000000dea00000,0x00000000dea00000,0x00000000def00000)
 ParOldGen       total 84992K, used 6531K [0x0000000084a00000, 0x0000000089d00000, 0x00000000d6e00000)
  object space 84992K, 7% used [0x0000000084a00000,0x0000000085060dd8,0x0000000089d00000)
 Metaspace       used 20365K, capacity 21144K, committed 21296K, reserved 1069056K
  class space    used 2509K, capacity 2698K, committed 2816K, reserved 1048576K
Event: 3.597 GC heap after
Heap after GC invocations=5 (full 1):
 PSYoungGen      total 132096K, used 0K [0x00000000d6e00000, 0x00000000df400000, 0x0000000100000000)
  eden space 126976K, 0% used [0x00000000d6e00000,0x00000000d6e00000,0x00000000dea00000)
  from space 5120K, 0% used [0x00000000def00000,0x00000000def00000,0x00000000df400000)
  to   space 5120K, 0% used [0x00000000dea00000,0x00000000dea00000,0x00000000def00000)
 ParOldGen       total 55296K, used 7044K [0x0000000084a00000, 0x0000000088000000, 0x00000000d6e00000)
  object space 55296K, 12% used [0x0000000084a00000,0x00000000850e1240,0x0000000088000000)
 Metaspace       used 20365K, capacity 21144K, committed 21296K, reserved 1069056K
  class space    used 2509K, capacity 2698K, committed 2816K, reserved 1048576K
}
Event: 6.069 GC heap before
{Heap before GC invocations=6 (full 1):
 PSYoungGen      total 132096K, used 126976K [0x00000000d6e00000, 0x00000000df400000, 0x0000000100000000)
  eden space 126976K, 100% used [0x00000000d6e00000,0x00000000dea00000,0x00000000dea00000)
  from space 5120K, 0% used [0x00000000def00000,0x00000000def00000,0x00000000df400000)
  to   space 5120K, 0% used [0x00000000dea00000,0x00000000dea00000,0x00000000def00000)
 ParOldGen       total 55296K, used 7044K [0x0000000084a00000, 0x0000000088000000, 0x00000000d6e00000)
  object space 55296K, 12% used [0x0000000084a00000,0x00000000850e1240,0x0000000088000000)
 Metaspace       used 28263K, capacity 29894K, committed 30080K, reserved 1075200K
  class space    used 3591K, capacity 3869K, committed 3968K, reserved 1048576K
Event: 6.084 GC heap after
Heap after GC invocations=6 (full 1):
 PSYoungGen      total 132096K, used 5119K [0x00000000d6e00000, 0x00000000e4800000, 0x0000000100000000)
  eden space 126976K, 0% used [0x00000000d6e00000,0x00000000d6e00000,0x00000000dea00000)
  from space 5120K, 99% used [0x00000000dea00000,0x00000000deeffdc0,0x00000000def00000)
  to   space 11776K, 0% used [0x00000000e3c80000,0x00000000e3c80000,0x00000000e4800000)
 ParOldGen       total 55296K, used 11819K [0x0000000084a00000, 0x0000000088000000, 0x00000000d6e00000)
  object space 55296K, 21% used [0x0000000084a00000,0x000000008558ae78,0x0000000088000000)
 Metaspace       used 28263K, capacity 29894K, committed 30080K, reserved 1075200K
  class space    used 3591K, capacity 3869K, committed 3968K, reserved 1048576K
}

